<?xml version="1.0" encoding="UTF-8"?>
<testng-results ignored="0" total="5" passed="5" failed="0" skipped="0">
  <reporter-output>
  </reporter-output>
  <suite started-at="2024-01-09T09:58:54 IST" name="Suite" finished-at="2024-01-09T10:01:40 IST" duration-ms="165131">
    <groups>
    </groups>
    <test started-at="2024-01-09T09:58:54 IST" name="Test" finished-at="2024-01-09T10:01:40 IST" duration-ms="165131">
      <class name="Test_Case_Execution.AddTo_Cart_MenuOption_Product">
        <test-method is-config="true" signature="Lounch_Application_And_Login()[pri:0, instance:Test_Case_Execution.AddTo_Cart_MenuOption_Product@4b520ea8]" started-at="2024-01-09T09:58:54 IST" name="Lounch_Application_And_Login" finished-at="2024-01-09T09:59:01 IST" duration-ms="6914" status="PASS">
          <reporter-output>
          </reporter-output>
        </test-method> <!-- Lounch_Application_And_Login -->
        <test-method signature="Menu_Product()[pri:0, instance:Test_Case_Execution.AddTo_Cart_MenuOption_Product@4b520ea8]" started-at="2024-01-09T09:59:01 IST" name="Menu_Product" finished-at="2024-01-09T09:59:25 IST" duration-ms="23230" status="PASS">
          <reporter-output>
          </reporter-output>
        </test-method> <!-- Menu_Product -->
        <test-method is-config="true" signature="User_Exit()[pri:0, instance:Test_Case_Execution.AddTo_Cart_MenuOption_Product@4b520ea8]" started-at="2024-01-09T09:59:25 IST" name="User_Exit" finished-at="2024-01-09T09:59:25 IST" duration-ms="348" status="PASS">
          <reporter-output>
          </reporter-output>
        </test-method> <!-- User_Exit -->
      </class> <!-- Test_Case_Execution.AddTo_Cart_MenuOption_Product -->
      <class name="Test_Case_Execution.Size_Based_AddTo_Cart_Product">
        <test-method is-config="true" signature="Lounch_Application_And_Login()[pri:0, instance:Test_Case_Execution.Size_Based_AddTo_Cart_Product@46d59067]" started-at="2024-01-09T09:59:25 IST" name="Lounch_Application_And_Login" finished-at="2024-01-09T09:59:30 IST" duration-ms="5275" status="PASS">
          <reporter-output>
          </reporter-output>
        </test-method> <!-- Lounch_Application_And_Login -->
        <test-method signature="FiterSize_AddToCart()[pri:0, instance:Test_Case_Execution.Size_Based_AddTo_Cart_Product@46d59067]" started-at="2024-01-09T09:59:30 IST" name="FiterSize_AddToCart" finished-at="2024-01-09T10:00:14 IST" duration-ms="43775" status="PASS">
          <reporter-output>
          </reporter-output>
        </test-method> <!-- FiterSize_AddToCart -->
        <test-method is-config="true" signature="User_Exit()[pri:0, instance:Test_Case_Execution.Size_Based_AddTo_Cart_Product@46d59067]" started-at="2024-01-09T10:00:14 IST" name="User_Exit" finished-at="2024-01-09T10:00:14 IST" duration-ms="356" status="PASS">
          <reporter-output>
          </reporter-output>
        </test-method> <!-- User_Exit -->
      </class> <!-- Test_Case_Execution.Size_Based_AddTo_Cart_Product -->
      <class name="Test_Case_Execution.Verify_Login_Functionality">
        <test-method is-config="true" signature="Lounch_Application_And_Login()[pri:0, instance:Test_Case_Execution.Verify_Login_Functionality@14dd7b39]" started-at="2024-01-09T10:00:41 IST" name="Lounch_Application_And_Login" finished-at="2024-01-09T10:00:46 IST" duration-ms="5661" status="PASS">
          <reporter-output>
          </reporter-output>
        </test-method> <!-- Lounch_Application_And_Login -->
        <test-method signature="Login_Function()[pri:0, instance:Test_Case_Execution.Verify_Login_Functionality@14dd7b39]" started-at="2024-01-09T10:00:46 IST" name="Login_Function" finished-at="2024-01-09T10:00:55 IST" duration-ms="8492" status="PASS">
          <reporter-output>
          </reporter-output>
        </test-method> <!-- Login_Function -->
        <test-method is-config="true" signature="User_Exit()[pri:0, instance:Test_Case_Execution.Verify_Login_Functionality@14dd7b39]" started-at="2024-01-09T10:00:55 IST" name="User_Exit" finished-at="2024-01-09T10:00:55 IST" duration-ms="392" status="PASS">
          <reporter-output>
          </reporter-output>
        </test-method> <!-- User_Exit -->
      </class> <!-- Test_Case_Execution.Verify_Login_Functionality -->
      <class name="Test_Case_Execution.Add_To_Cart_Dashboard_Category_Product">
        <test-method is-config="true" signature="Lounch_Application_And_Login()[pri:0, instance:Test_Case_Execution.Add_To_Cart_Dashboard_Category_Product@2d0399f4]" started-at="2024-01-09T10:00:14 IST" name="Lounch_Application_And_Login" finished-at="2024-01-09T10:00:20 IST" duration-ms="6062" status="PASS">
          <reporter-output>
          </reporter-output>
        </test-method> <!-- Lounch_Application_And_Login -->
        <test-method signature="AddToCart_Category_Product()[pri:0, instance:Test_Case_Execution.Add_To_Cart_Dashboard_Category_Product@2d0399f4]" started-at="2024-01-09T10:00:20 IST" name="AddToCart_Category_Product" finished-at="2024-01-09T10:00:40 IST" duration-ms="19924" status="PASS">
          <reporter-output>
          </reporter-output>
        </test-method> <!-- AddToCart_Category_Product -->
        <test-method is-config="true" signature="User_Exit()[pri:0, instance:Test_Case_Execution.Add_To_Cart_Dashboard_Category_Product@2d0399f4]" started-at="2024-01-09T10:00:40 IST" name="User_Exit" finished-at="2024-01-09T10:00:41 IST" duration-ms="326" status="PASS">
          <reporter-output>
          </reporter-output>
        </test-method> <!-- User_Exit -->
      </class> <!-- Test_Case_Execution.Add_To_Cart_Dashboard_Category_Product -->
      <class name="Test_Case_Execution.AddTo_Cart_Search_Product">
        <test-method is-config="true" signature="Lounch_Application_And_Login()[pri:0, instance:Test_Case_Execution.AddTo_Cart_Search_Product@66ea810]" started-at="2024-01-09T10:00:55 IST" name="Lounch_Application_And_Login" finished-at="2024-01-09T10:01:01 IST" duration-ms="5662" status="PASS">
          <reporter-output>
          </reporter-output>
        </test-method> <!-- Lounch_Application_And_Login -->
        <test-method signature="SearchProduct()[pri:0, instance:Test_Case_Execution.AddTo_Cart_Search_Product@66ea810]" started-at="2024-01-09T10:01:01 IST" name="SearchProduct" finished-at="2024-01-09T10:01:39 IST" duration-ms="38302" status="PASS">
          <reporter-output>
          </reporter-output>
        </test-method> <!-- SearchProduct -->
        <test-method is-config="true" signature="User_Exit()[pri:0, instance:Test_Case_Execution.AddTo_Cart_Search_Product@66ea810]" started-at="2024-01-09T10:01:39 IST" name="User_Exit" finished-at="2024-01-09T10:01:40 IST" duration-ms="305" status="PASS">
          <reporter-output>
          </reporter-output>
        </test-method> <!-- User_Exit -->
      </class> <!-- Test_Case_Execution.AddTo_Cart_Search_Product -->
    </test> <!-- Test -->
  </suite> <!-- Suite -->
</testng-results>
