<?xml version="1.0" encoding="UTF-8"?>
<!-- Generated by org.testng.reporters.JUnitXMLReporter -->
<testsuite ignored="0" hostname="DESKTOP-V16AQSL" failures="0" tests="5" name="Test" time="165.131" errors="0" timestamp="2024-01-09T10:01:40 IST">
  <testcase classname="Test_Case_Execution.AddTo_Cart_MenuOption_Product" name="Menu_Product" time="23.23"/>
  <testcase classname="Test_Case_Execution.Size_Based_AddTo_Cart_Product" name="FiterSize_AddToCart" time="43.775"/>
  <testcase classname="Test_Case_Execution.Add_To_Cart_Dashboard_Category_Product" name="AddToCart_Category_Product" time="19.924"/>
  <testcase classname="Test_Case_Execution.Verify_Login_Functionality" name="Login_Function" time="8.492"/>
  <testcase classname="Test_Case_Execution.AddTo_Cart_Search_Product" name="SearchProduct" time="38.302"/>
</testsuite> <!-- Test -->
